# JRE version: Java(TM) SE Runtime Environment (8.0_112-b15) (build 1.8.0_112-b15)
# Java VM: Java HotSpot(TM) 64-Bit Server VM (25.112-b15 mixed mode windows-amd64 compressed oops)
Heap:
 PSYoungGen      total 56320K, used 5232K [0x00000007bc400000, 0x00000007c0000000, 0x00000007c0000000)
  eden space 51200K, 3% used [0x00000007bc400000,0x00000007bc5f7fb8,0x00000007bf600000)
  from space 5120K, 62% used [0x00000007bfb00000,0x00000007bfe24150,0x00000007c0000000)
  to   space 5120K, 0% used [0x00000007bf600000,0x00000007bf600000,0x00000007bfb00000)
 ParOldGen       total 421888K, used 103095K [0x0000000700000000, 0x0000000719c00000, 0x00000007bc400000)
  object space 421888K, 24% used [0x0000000700000000,0x00000007064adc88,0x0000000719c00000)
 Metaspace       used 74062K, capacity 74783K, committed 75392K, reserved 1114112K
  class space    used 9956K, capacity 10094K, committed 10112K, reserved 1048576K
GC Heap History (10 events):
Event: 13016.434 GC heap before
{Heap before GC invocations=690 (full 18):
 PSYoungGen      total 56320K, used 53778K [0x00000007bc400000, 0x00000007c0000000, 0x00000007c0000000)
  eden space 51200K, 100% used [0x00000007bc400000,0x00000007bf600000,0x00000007bf600000)
  from space 5120K, 50% used [0x00000007bf600000,0x00000007bf884920,0x00000007bfb00000)
  to   space 4608K, 0% used [0x00000007bfb80000,0x00000007bfb80000,0x00000007c0000000)
 ParOldGen       total 421888K, used 103087K [0x0000000700000000, 0x0000000719c00000, 0x00000007bc400000)
  object space 421888K, 24% used [0x0000000700000000,0x00000007064abc88,0x0000000719c00000)
 Metaspace       used 74046K, capacity 74783K, committed 75392K, reserved 1114112K
  class space    used 9956K, capacity 10094K, committed 10112K, reserved 1048576K
Event: 13016.438 GC heap after
Heap after GC invocations=690 (full 18):
 PSYoungGen      total 55808K, used 3105K [0x00000007bc400000, 0x00000007c0000000, 0x00000007c0000000)
  eden space 51200K, 0% used [0x00000007bc400000,0x00000007bc400000,0x00000007bf600000)
  from space 4608K, 67% used [0x00000007bfb80000,0x00000007bfe88538,0x00000007c0000000)
  to   space 5120K, 0% used [0x00000007bf600000,0x00000007bf600000,0x00000007bfb00000)
 ParOldGen       total 421888K, used 103087K [0x0000000700000000, 0x0000000719c00000, 0x00000007bc400000)
  object space 421888K, 24% used [0x0000000700000000,0x00000007064abc88,0x0000000719c00000)
 Metaspace       used 74046K, capacity 74783K, committed 75392K, reserved 1114112K
  class space    used 9956K, capacity 10094K, committed 10112K, reserved 1048576K
}
Event: 13042.018 GC heap before
{Heap before GC invocations=691 (full 18):
 PSYoungGen      total 55808K, used 54305K [0x00000007bc400000, 0x00000007c0000000, 0x00000007c0000000)
  eden space 51200K, 100% used [0x00000007bc400000,0x00000007bf600000,0x00000007bf600000)
  from space 4608K, 67% used [0x00000007bfb80000,0x00000007bfe88538,0x00000007c0000000)
  to   space 5120K, 0% used [0x00000007bf600000,0x00000007bf600000,0x00000007bfb00000)
 ParOldGen       total 421888K, used 103087K [0x0000000700000000, 0x0000000719c00000, 0x00000007bc400000)
  object space 421888K, 24% used [0x0000000700000000,0x00000007064abc88,0x0000000719c00000)
 Metaspace       used 74055K, capacity 74783K, committed 75392K, reserved 1114112K
  class space    used 9956K, capacity 10094K, committed 10112K, reserved 1048576K
Event: 13042.023 GC heap after
Heap after GC invocations=691 (full 18):
 PSYoungGen      total 56320K, used 2977K [0x00000007bc400000, 0x00000007c0000000, 0x00000007c0000000)
  eden space 51200K, 0% used [0x00000007bc400000,0x00000007bc400000,0x00000007bf600000)
  from space 5120K, 58% used [0x00000007bf600000,0x00000007bf8e8538,0x00000007bfb00000)
  to   space 5120K, 0% used [0x00000007bfb00000,0x00000007bfb00000,0x00000007c0000000)
 ParOldGen       total 421888K, used 103087K [0x0000000700000000, 0x0000000719c00000, 0x00000007bc400000)
  object space 421888K, 24% used [0x0000000700000000,0x00000007064abc88,0x0000000719c00000)
 Metaspace       used 74055K, capacity 74783K, committed 75392K, reserved 1114112K
  class space    used 9956K, capacity 10094K, committed 10112K, reserved 1048576K
}
Event: 13051.858 GC heap before
{Heap before GC invocations=692 (full 18):
 PSYoungGen      total 56320K, used 54177K [0x00000007bc400000, 0x00000007c0000000, 0x00000007c0000000)
  eden space 51200K, 100% used [0x00000007bc400000,0x00000007bf600000,0x00000007bf600000)
  from space 5120K, 58% used [0x00000007bf600000,0x00000007bf8e8538,0x00000007bfb00000)
  to   space 5120K, 0% used [0x00000007bfb00000,0x00000007bfb00000,0x00000007c0000000)
 ParOldGen       total 421888K, used 103087K [0x0000000700000000, 0x0000000719c00000, 0x00000007bc400000)
  object space 421888K, 24% used [0x0000000700000000,0x00000007064abc88,0x0000000719c00000)
 Metaspace       used 74059K, capacity 74783K, committed 75392K, reserved 1114112K
  class space    used 9956K, capacity 10094K, committed 10112K, reserved 1048576K
Event: 13051.862 GC heap after
Heap after GC invocations=692 (full 18):
 PSYoungGen      total 56320K, used 2960K [0x00000007bc400000, 0x00000007c0000000, 0x00000007c0000000)
  eden space 51200K, 0% used [0x00000007bc400000,0x00000007bc400000,0x00000007bf600000)
  from space 5120K, 57% used [0x00000007bfb00000,0x00000007bfde4150,0x00000007c0000000)
  to   space 5120K, 0% used [0x00000007bf600000,0x00000007bf600000,0x00000007bfb00000)
 ParOldGen       total 421888K, used 103087K [0x0000000700000000, 0x0000000719c00000, 0x00000007bc400000)
  object space 421888K, 24% used [0x0000000700000000,0x00000007064abc88,0x0000000719c00000)
 Metaspace       used 74059K, capacity 74783K, committed 75392K, reserved 1114112K
  class space    used 9956K, capacity 10094K, committed 10112K, reserved 1048576K
}
Event: 13052.260 GC heap before
{Heap before GC invocations=693 (full 18):
 PSYoungGen      total 56320K, used 54160K [0x00000007bc400000, 0x00000007c0000000, 0x00000007c0000000)
  eden space 51200K, 100% used [0x00000007bc400000,0x00000007bf600000,0x00000007bf600000)
  from space 5120K, 57% used [0x00000007bfb00000,0x00000007bfde4150,0x00000007c0000000)
  to   space 5120K, 0% used [0x00000007bf600000,0x00000007bf600000,0x00000007bfb00000)
 ParOldGen       total 421888K, used 103087K [0x0000000700000000, 0x0000000719c00000, 0x00000007bc400000)
  object space 421888K, 24% used [0x0000000700000000,0x00000007064abc88,0x0000000719c00000)
 Metaspace       used 74059K, capacity 74783K, committed 75392K, reserved 1114112K
  class space    used 9956K, capacity 10094K, committed 10112K, reserved 1048576K
Event: 13052.264 GC heap after
Heap after GC invocations=693 (full 18):
 PSYoungGen      total 56320K, used 2689K [0x00000007bc400000, 0x00000007c0000000, 0x00000007c0000000)
  eden space 51200K, 0% used [0x00000007bc400000,0x00000007bc400000,0x00000007bf600000)
  from space 5120K, 52% used [0x00000007bf600000,0x00000007bf8a0538,0x00000007bfb00000)
  to   space 5120K, 0% used [0x00000007bfb00000,0x00000007bfb00000,0x00000007c0000000)
 ParOldGen       total 421888K, used 103087K [0x0000000700000000, 0x0000000719c00000, 0x00000007bc400000)
  object space 421888K, 24% used [0x0000000700000000,0x00000007064abc88,0x0000000719c00000)
 Metaspace       used 74059K, capacity 74783K, committed 75392K, reserved 1114112K
  class space    used 9956K, capacity 10094K, committed 10112K, reserved 1048576K
}
Event: 13057.996 GC heap before
{Heap before GC invocations=694 (full 18):
 PSYoungGen      total 56320K, used 53889K [0x00000007bc400000, 0x00000007c0000000, 0x00000007c0000000)
  eden space 51200K, 100% used [0x00000007bc400000,0x00000007bf600000,0x00000007bf600000)
  from space 5120K, 52% used [0x00000007bf600000,0x00000007bf8a0538,0x00000007bfb00000)
  to   space 5120K, 0% used [0x00000007bfb00000,0x00000007bfb00000,0x00000007c0000000)
 ParOldGen       total 421888K, used 103087K [0x0000000700000000, 0x0000000719c00000, 0x00000007bc400000)
  object space 421888K, 24% used [0x0000000700000000,0x00000007064abc88,0x0000000719c00000)
 Metaspace       used 74062K, capacity 74783K, committed 75392K, reserved 1114112K
  class space    used 9956K, capacity 10094K, committed 10112K, reserved 1048576K
Event: 13058.001 GC heap after
Heap after GC invocations=694 (full 18):
 PSYoungGen      total 56320K, used 3216K [0x00000007bc400000, 0x00000007c0000000, 0x00000007c0000000)
  eden space 51200K, 0% used [0x00000007bc400000,0x00000007bc400000,0x00000007bf600000)
  from space 5120K, 62% used [0x00000007bfb00000,0x00000007bfe24150,0x00000007c0000000)
  to   space 5120K, 0% used [0x00000007bf600000,0x00000007bf600000,0x00000007bfb00000)
 ParOldGen       total 421888K, used 103095K [0x0000000700000000, 0x0000000719c00000, 0x00000007bc400000)
  object space 421888K, 24% used [0x0000000700000000,0x00000007064adc88,0x0000000719c00000)
 Metaspace       used 74062K, capacity 74783K, committed 75392K, reserved 1114112K
  class space    used 9956K, capacity 10094K, committed 10112K, reserved 1048576K
}

